<?xml version="1.0" encoding="UTF-8"?>
<!-- Generated by org.testng.reporters.JUnitReportReporter -->
<testsuite hostname="DESKTOP-9GNP742" failures="0" tests="1" name="test.EcommerceTest" time="58.564" errors="0" timestamp="2024-10-01T21:16:12 IST" skipped="0">
  <testcase classname="test.EcommerceTest" name="testPurchaseFlow" time="58.564"/>
  <system-out/>
</testsuite> <!-- test.EcommerceTest -->
